<?xml version="1.0" encoding="UTF-8"?>
<!-- Generated by org.testng.reporters.JUnitXMLReporter -->
<testsuite hostname="PC370013" ignored="0" name="Default test" tests="1" failures="1" timestamp="07 Nov 2017 11:33:38 GMT" time="0.845" errors="0">
  <testcase name="testOpenGoogle" time="0.067" classname="Test.GoogleTesting">
    <failure type="org.openqa.selenium.WebDriverException" message="java.lang.IllegalArgumentException: Cannot locate declared field class org.apache.http.impl.client.HttpClientBuilder.dnsResolver
Build info: version: &amp;apos;2.53.1&amp;apos;, revision: &amp;apos;a36b8b1&amp;apos;, time: &amp;apos;2016-06-30 17:37:03&amp;apos;
System info: host: &amp;apos;PC370013&amp;apos;, ip: &amp;apos;10.200.89.194&amp;apos;, os.name: &amp;apos;Windows 8.1&amp;apos;, os.arch: &amp;apos;x86&amp;apos;, os.version: &amp;apos;6.3&amp;apos;, java.version: &amp;apos;1.8.0_11&amp;apos;
Driver info: driver.version: HtmlUnitDriver">
      <![CDATA[org.openqa.selenium.WebDriverException: java.lang.IllegalArgumentException: Cannot locate declared field class org.apache.http.impl.client.HttpClientBuilder.dnsResolver
Build info: version: '2.53.1', revision: 'a36b8b1', time: '2016-06-30 17:37:03'
System info: host: 'PC370013', ip: '10.200.89.194', os.name: 'Windows 8.1', os.arch: 'x86', os.version: '6.3', java.version: '1.8.0_11'
Driver info: driver.version: HtmlUnitDriver
	at org.openqa.selenium.htmlunit.HtmlUnitDriver.get(HtmlUnitDriver.java:543)
	at org.openqa.selenium.htmlunit.HtmlUnitDriver.get(HtmlUnitDriver.java:517)
	at Pages.GooglePage.openApplication(GooglePage.java:23)
	at Test.GoogleTesting.testOpenGoogle(GoogleTesting.java:62)
	at sun.reflect.NativeMethodAccessorImpl.invoke0(Native Method)
	at sun.reflect.NativeMethodAccessorImpl.invoke(Unknown Source)
	at sun.reflect.DelegatingMethodAccessorImpl.invoke(Unknown Source)
	at java.lang.reflect.Method.invoke(Unknown Source)
	at org.testng.internal.MethodInvocationHelper.invokeMethod(MethodInvocationHelper.java:108)
	at org.testng.internal.Invoker.invokeMethod(Invoker.java:661)
	at org.testng.internal.Invoker.invokeTestMethod(Invoker.java:869)
	at org.testng.internal.Invoker.invokeTestMethods(Invoker.java:1193)
	at org.testng.internal.TestMethodWorker.invokeTestMethods(TestMethodWorker.java:126)
	at org.testng.internal.TestMethodWorker.run(TestMethodWorker.java:109)
	at org.testng.TestRunner.privateRun(TestRunner.java:744)
	at org.testng.TestRunner.run(TestRunner.java:602)
	at org.testng.SuiteRunner.runTest(SuiteRunner.java:380)
	at org.testng.SuiteRunner.runSequentially(SuiteRunner.java:375)
	at org.testng.SuiteRunner.privateRun(SuiteRunner.java:340)
	at org.testng.SuiteRunner.run(SuiteRunner.java:289)
	at org.testng.SuiteRunnerWorker.runSuite(SuiteRunnerWorker.java:52)
	at org.testng.SuiteRunnerWorker.run(SuiteRunnerWorker.java:86)
	at org.testng.TestNG.runSuitesSequentially(TestNG.java:1301)
	at org.testng.TestNG.runSuitesLocally(TestNG.java:1226)
	at org.testng.TestNG.runSuites(TestNG.java:1144)
	at org.testng.TestNG.run(TestNG.java:1115)
	at org.testng.remote.AbstractRemoteTestNG.run(AbstractRemoteTestNG.java:132)
	at org.testng.remote.RemoteTestNG.initAndRun(RemoteTestNG.java:230)
	at org.testng.remote.RemoteTestNG.main(RemoteTestNG.java:76)
Caused by: java.lang.IllegalArgumentException: Cannot locate declared field class org.apache.http.impl.client.HttpClientBuilder.dnsResolver
	at org.apache.commons.lang3.Validate.isTrue(Validate.java:155)
	at org.apache.commons.lang3.reflect.FieldUtils.readDeclaredField(FieldUtils.java:512)
	at com.gargoylesoftware.htmlunit.HttpWebConnection.getField(HttpWebConnection.java:1038)
	at com.gargoylesoftware.htmlunit.HttpWebConnection.createConnectionManager(HttpWebConnection.java:961)
	at com.gargoylesoftware.htmlunit.HttpWebConnection.getResponse(HttpWebConnection.java:166)
	at com.gargoylesoftware.htmlunit.WebClient.loadWebResponseFromWebConnection(WebClient.java:1357)
	at com.gargoylesoftware.htmlunit.WebClient.loadWebResponse(WebClient.java:1274)
	at com.gargoylesoftware.htmlunit.WebClient.getPage(WebClient.java:382)
	at com.gargoylesoftware.htmlunit.WebClient.getPage(WebClient.java:304)
	at com.gargoylesoftware.htmlunit.WebClient.getPage(WebClient.java:451)
	at org.openqa.selenium.htmlunit.HtmlUnitDriver.get(HtmlUnitDriver.java:528)
	... 28 more
]]>
    </failure>
  </testcase> <!-- testOpenGoogle -->
</testsuite> <!-- Default test -->
