<?xml version="1.0" encoding="UTF-8"?>
<testng-results skipped="0" failed="0" total="1" passed="1">
  <reporter-output>
  </reporter-output>
  <suite name="Default suite" duration-ms="8051" started-at="2017-11-06T11:18:23Z" finished-at="2017-11-06T11:18:31Z">
    <groups>
    </groups>
    <test name="GoogleTesting" duration-ms="8051" started-at="2017-11-06T11:18:23Z" finished-at="2017-11-06T11:18:31Z">
      <class name="Test.GoogleTesting">
        <test-method status="PASS" signature="testSetup(org.testng.ITestContext, java.lang.reflect.Method, java.lang.String, java.lang.String, java.lang.String)[pri:0, instance:Test.GoogleTesting@1975490]" name="testSetup" is-config="true" duration-ms="4424" started-at="2017-11-06T16:48:23Z" finished-at="2017-11-06T16:48:27Z">
          <params>
            <param index="0">
              <value>
                <![CDATA[org.testng.TestRunner@12aa092]]>
              </value>
            </param>
            <param index="1">
              <value>
                <![CDATA[public void Test.GoogleTesting.testOpenGoogle()]]>
              </value>
            </param>
            <param index="2">
              <value is-null="true"/>
            </param>
            <param index="3">
              <value is-null="true"/>
            </param>
            <param index="4">
              <value is-null="true"/>
            </param>
          </params>
          <reporter-output>
          </reporter-output>
        </test-method> <!-- testSetup -->
        <test-method status="PASS" signature="testOpenGoogle()[pri:0, instance:Test.GoogleTesting@1975490]" name="testOpenGoogle" duration-ms="3618" started-at="2017-11-06T16:48:27Z" finished-at="2017-11-06T16:48:31Z">
          <reporter-output>
          </reporter-output>
        </test-method> <!-- testOpenGoogle -->
      </class> <!-- Test.GoogleTesting -->
    </test> <!-- GoogleTesting -->
  </suite> <!-- Default suite -->
</testng-results>
