<?xml version="1.0" encoding="UTF-8"?>
<testng-results skipped="0" failed="0" total="1" passed="1">
  <reporter-output>
  </reporter-output>
  <suite name="Suite" duration-ms="9508" started-at="2017-11-02T12:52:53Z" finished-at="2017-11-02T12:53:03Z">
    <groups>
    </groups>
    <test name="Test" duration-ms="9508" started-at="2017-11-02T12:52:53Z" finished-at="2017-11-02T12:53:03Z">
      <class name="test.GoogleTesting">
        <test-method status="PASS" signature="GoogleTest()[pri:0, instance:test.GoogleTesting@6a3f77]" name="GoogleTest" duration-ms="9491" started-at="2017-11-02T18:22:53Z" finished-at="2017-11-02T18:23:03Z">
          <reporter-output>
          </reporter-output>
        </test-method> <!-- GoogleTest -->
      </class> <!-- test.GoogleTesting -->
    </test> <!-- Test -->
  </suite> <!-- Suite -->
</testng-results>
