<?xml version="1.0" encoding="UTF-8"?>
<testng-results skipped="0" failed="0" ignored="0" total="1" passed="1">
  <reporter-output>
  </reporter-output>
  <suite name="Default suite" duration-ms="6052" started-at="2017-11-06T12:36:42Z" finished-at="2017-11-06T12:36:48Z">
    <groups>
    </groups>
    <test name="Default test" duration-ms="6052" started-at="2017-11-06T12:36:42Z" finished-at="2017-11-06T12:36:48Z">
      <class name="Test.GoogleTesting">
        <test-method status="PASS" signature="setupChromeDriver()[pri:0, instance:Test.GoogleTesting@19d1a19]" name="setupChromeDriver" is-config="true" duration-ms="3404" started-at="2017-11-06T18:06:42Z" finished-at="2017-11-06T18:06:45Z">
          <reporter-output>
          </reporter-output>
        </test-method> <!-- setupChromeDriver -->
        <test-method status="PASS" signature="testOpenGoogle()[pri:0, instance:Test.GoogleTesting@19d1a19]" name="testOpenGoogle" duration-ms="1560" started-at="2017-11-06T18:06:45Z" finished-at="2017-11-06T18:06:47Z">
          <reporter-output>
          </reporter-output>
        </test-method> <!-- testOpenGoogle -->
        <test-method status="PASS" signature="postTestCase()[pri:0, instance:Test.GoogleTesting@19d1a19]" name="postTestCase" is-config="true" duration-ms="1070" started-at="2017-11-06T18:06:47Z" finished-at="2017-11-06T18:06:48Z">
          <reporter-output>
          </reporter-output>
        </test-method> <!-- postTestCase -->
      </class> <!-- Test.GoogleTesting -->
    </test> <!-- Default test -->
  </suite> <!-- Default suite -->
</testng-results>
